communication,11550
communication,11569
communication,11307
communication,11402
communication,11261
communication,11441
communication,11565
communication,11253
communication,11622
communication,11403
communication,11374
communication,11527
communication,20313
communication,20075
communication,20014
communication,20217
communication,20270
communication,20572
communication,20681
communication,20746
communication,20382
communication,20375
communication,20422
communication,20214
communication,20518
communication,20433
communication,20403
communication,20407
communication,20561
communication,20534
communication,20538
communication,20582
size,64000
processes,32
runtime,672693.302000
