communication,11369
communication,11425
communication,11393
communication,11240
communication,11258
communication,11405
communication,11573
communication,11507
communication,11398
communication,11354
communication,11423
communication,11385
communication,20393
communication,20611
communication,20232
communication,20371
communication,20380
communication,20322
communication,20257
communication,20461
communication,20348
communication,20762
communication,20733
communication,20556
communication,20371
communication,20478
communication,20723
communication,20532
communication,20432
communication,20603
communication,20780
communication,20599
size,1000
processes,32
runtime,671086.446000
