communication,11202
communication,11083
communication,11388
communication,11162
communication,11409
communication,11202
communication,11138
communication,11325
communication,11384
communication,11227
communication,11430
communication,11325
communication,11480
communication,11491
communication,11403
communication,11523
communication,20258
communication,20367
communication,20209
communication,20520
communication,20376
communication,20232
communication,20361
communication,20218
communication,20397
communication,20225
communication,20202
communication,20377
communication,20356
communication,20453
communication,20462
communication,20524
size,4000
processes,32
runtime,664507.425000
