communication,11467
communication,11432
communication,11370
communication,11385
communication,11263
communication,11446
communication,11507
communication,11526
communication,11369
communication,11488
communication,11546
communication,11664
communication,20282
communication,20181
communication,20143
communication,20515
communication,20463
communication,20277
communication,20244
communication,20337
communication,20704
communication,20401
communication,20374
communication,20333
communication,20368
communication,20336
communication,20637
communication,20373
communication,20760
communication,20720
communication,20379
communication,20655
size,256000
processes,32
runtime,686604.553000
