communication,11502
communication,11610
communication,11532
communication,11536
communication,11446
communication,11532
communication,11592
communication,11498
communication,11503
communication,11473
communication,11390
communication,11620
communication,20326
communication,20126
communication,20151
communication,20204
communication,20656
communication,20568
communication,20594
communication,20376
communication,20425
communication,20420
communication,20476
communication,20497
communication,20393
communication,20404
communication,20564
communication,20512
communication,20611
communication,20683
communication,20483
size,16000
processes,32
runtime,670457.502000
communication,20567
