communication,11650
communication,11549
communication,11440
communication,11521
communication,11544
communication,11439
communication,11707
communication,11615
communication,11516
communication,11660
communication,11558
communication,11746
communication,20325
communication,20230
communication,20137
communication,20350
communication,20702
communication,20499
communication,20428
communication,20714
communication,20839
communication,20497
communication,20566
communication,20566
communication,20468
communication,20482
communication,20534
communication,20570
communication,20571
communication,20491
communication,20557
communication,20478
size,32000
processes,32
runtime,673067.043000
