communication,11650
communication,11589
communication,11629
communication,11292
communication,11332
communication,11435
communication,11541
communication,11599
communication,11680
communication,11436
communication,11713
communication,11520
communication,11610
communication,11661
communication,11585
communication,11639
communication,20344
communication,20332
communication,20272
communication,20267
communication,20267
communication,20327
communication,20258
communication,20623
communication,20283
communication,20403
communication,20619
communication,20466
communication,20509
communication,20552
communication,20650
communication,20478
size,8000
processes,32
runtime,668479.902000
