communication,11237
communication,11342
communication,11214
communication,11340
communication,11291
communication,11221
communication,11355
communication,11375
communication,11320
communication,11336
communication,11315
communication,11280
communication,11534
communication,11376
communication,11406
communication,11452
communication,20306
communication,20334
communication,20445
communication,20141
communication,20194
communication,20236
communication,20371
communication,20222
communication,20055
communication,20426
communication,20256
communication,20456
communication,20330
communication,20371
communication,20394
size,2000
processes,32
runtime,661827.216000
communication,20337
